
Showing logs for build [32mdhgautam-pipelineapp-master-rel-z95cw-4[0m stage [32mfrom-build-pack[0m and container [32mcredential-initializer[0m
{"level":"info","ts":1595480841.812774,"caller":"creds-init/main.go:44","msg":"Credentials initialized."}

Showing logs for build [32mdhgautam-pipelineapp-master-rel-z95cw-4[0m stage [32mfrom-build-pack[0m and container [32mworking-dir-initializer[0m

Showing logs for build [32mdhgautam-pipelineapp-master-rel-z95cw-4[0m stage [32mfrom-build-pack[0m and container [32mplace-tools[0m

Showing logs for build [32mdhgautam-pipelineapp-master-rel-z95cw-4[0m stage [32mfrom-build-pack[0m and container [32mstep-git-source-dhgautam-pipelineapp-master-rel-z95cw-c7c47[0m
{"level":"info","ts":1595480850.4989367,"caller":"git/git.go:105","msg":"Successfully cloned https://github.com/********/pipelineApp.git @ v0.0.6 in path /workspace/source"}
{"level":"warn","ts":1595480850.4991388,"caller":"git/git.go:152","msg":"Unexpected error: creating symlink: symlink /tekton/home/.ssh /root/.ssh: file exists"}
{"level":"info","ts":1595480850.5396447,"caller":"git/git.go:133","msg":"Successfully initialized and updated submodules in path /workspace/source"}

Showing logs for build [32mdhgautam-pipelineapp-master-rel-z95cw-4[0m stage [32mfrom-build-pack[0m and container [32mstep-setup-builder-home[0m

Showing logs for build [32mdhgautam-pipelineapp-master-rel-z95cw-4[0m stage [32mfrom-build-pack[0m and container [32mstep-git-merge[0m
Using SHAs from PULL_REFS=master:9f8f97ffc5203c52c41da46e3b014502399e456a
WARNING: no SHAs to merge, falling back to initial cloned commit

Showing logs for build [32mdhgautam-pipelineapp-master-rel-z95cw-4[0m stage [32mfrom-build-pack[0m and container [32mstep-setup-jx-git-credentials[0m
Generated Git credentials file /tekton/home/git/credentials

Showing logs for build [32mdhgautam-pipelineapp-master-rel-z95cw-4[0m stage [32mfrom-build-pack[0m and container [32mstep-setup-download-dependencies[0m
downloading dependencies for **

Showing logs for build [32mdhgautam-pipelineapp-master-rel-z95cw-4[0m stage [32mfrom-build-pack[0m and container [32mstep-setup-set-permissions[0m
running chmod command

Showing logs for build [32mdhgautam-pipelineapp-master-rel-z95cw-4[0m stage [32mfrom-build-pack[0m and container [32mstep-build-pre-dummy-release[0m
pre dummy release

Showing logs for build [32mdhgautam-pipelineapp-master-rel-z95cw-4[0m stage [32mfrom-build-pack[0m and container [32mstep-build-dummy-release[0m
Release

Showing logs for build [32mdhgautam-pipelineapp-master-rel-z95cw-4[0m stage [32mfrom-build-pack[0m and container [32mstep-build-post-dummy-release[0m
post dummy release
